Using pre-set license
Built from '2020.3/staging' branch; Version is '2020.3.8f1 (507919d4fff5) revision 5273881'; Using compiler version '192528614'; Build Type 'Release'
OS: 'Windows 10 Pro; OS build 19042.1237; Version 2009; 64bit' Language: 'de' Physical Memory: 8069 MB
BatchMode: 1, IsHumanControllingUs: 0, StartBugReporterOnCrash: 0, Is64bit: 1, IsPro: 0

 COMMAND LINE ARGUMENTS:
C:\Program Files\Unity\Hub\Editor\2020.3.8f1\Editor\Unity.exe
-adb2
-batchMode
-noUpm
-name
AssetImportWorker1
-projectPath
C:/Users/B/Documents/PlueschPluesch-Project/Don't lose your hair
-logFile
Logs/AssetImportWorker1.log
-srvPort
61207
Successfully changed project path to: C:/Users/B/Documents/PlueschPluesch-Project/Don't lose your hair
C:/Users/B/Documents/PlueschPluesch-Project/Don't lose your hair
Using Asset Import Pipeline V2.
Refreshing native plugins compatible for Editor in 46.93 ms, found 1 plugins.
Preloading 0 native plugins for Editor in 0.00 ms.
Initialize engine version: 2020.3.8f1 (507919d4fff5)
[Subsystems] Discovering subsystems at path C:/Program Files/Unity/Hub/Editor/2020.3.8f1/Editor/Data/Resources/UnitySubsystems
[Subsystems] Discovering subsystems at path C:/Users/B/Documents/PlueschPluesch-Project/Don't lose your hair/Assets
GfxDevice: creating device client; threaded=0
Direct3D:
    Version:  Direct3D 11.0 [level 11.1]
    Renderer: AMD Radeon R9 200 Series (ID=0x6798)
    Vendor:   
    VRAM:     3051 MB
    Driver:   27.20.21003.8013
Initialize mono
Mono path[0] = 'C:/Program Files/Unity/Hub/Editor/2020.3.8f1/Editor/Data/Managed'
Mono path[1] = 'C:/Program Files/Unity/Hub/Editor/2020.3.8f1/Editor/Data/MonoBleedingEdge/lib/mono/unityjit'
Mono config path = 'C:/Program Files/Unity/Hub/Editor/2020.3.8f1/Editor/Data/MonoBleedingEdge/etc'
Using monoOptions --debugger-agent=transport=dt_socket,embedding=1,server=y,suspend=n,address=127.0.0.1:56232
Begin MonoManager ReloadAssembly
Registering precompiled unity dll's ...
Register platform support module: C:/Program Files/Unity/Hub/Editor/2020.3.8f1/Editor/Data/PlaybackEngines/WebGLSupport/UnityEditor.WebGL.Extensions.dll
Register platform support module: C:/Program Files/Unity/Hub/Editor/2020.3.8f1/Editor/Data/PlaybackEngines/WindowsStandaloneSupport/UnityEditor.WindowsStandalone.Extensions.dll
Registered in 0.005654 seconds.
Native extension for WindowsStandalone target not found
Native extension for WebGL target not found
Refreshing native plugins compatible for Editor in 49.41 ms, found 1 plugins.
Preloading 0 native plugins for Editor in 0.00 ms.
Mono: successfully reloaded assembly
- Completed reload, in  2.321 seconds
Platform modules already initialized, skipping
Registering precompiled user dll's ...
Registered in 0.002011 seconds.
Begin MonoManager ReloadAssembly
Native extension for WindowsStandalone target not found
Native extension for WebGL target not found
Refreshing native plugins compatible for Editor in 44.20 ms, found 1 plugins.
Preloading 0 native plugins for Editor in 0.00 ms.
Mono: successfully reloaded assembly
- Completed reload, in  1.501 seconds
Platform modules already initialized, skipping
========================================================================
Worker process is ready to serve import requests
Launched and connected shader compiler UnityShaderCompiler.exe after 0.18 seconds
Refreshing native plugins compatible for Editor in 0.39 ms, found 1 plugins.
Preloading 0 native plugins for Editor in 0.00 ms.
Unloading 1822 Unused Serialized files (Serialized files now loaded: 0)
System memory in use before: 106.3 MB.
System memory in use after: 106.3 MB.

Unloading 23 unused Assets to reduce memory usage. Loaded Objects now: 2290.
Total: 2.599200 ms (FindLiveObjects: 0.181000 ms CreateObjectMapping: 0.073800 ms MarkObjects: 2.106800 ms  DeleteObjects: 0.236700 ms)

========================================================================
Received Import Request.
  path: Assets/Sprites/Button/Pl端schPl端schButton.png
  artifactKey: Guid(f6e04d1295dc61346a43ffaeaf7176d0) Importer(815301076,1909f56bfc062723c751e8b465ee728b)
Start importing Assets/Sprites/Button/Pl端schPl端schButton.png using Guid(f6e04d1295dc61346a43ffaeaf7176d0) Importer(815301076,1909f56bfc062723c751e8b465ee728b)  -> (artifact id: '96aa3ba75e0148e214b172dcd4877d3f') in 0.406039 seconds
  Import took 0.423211 seconds .

========================================================================
Received Prepare
Registering precompiled user dll's ...
Registered in 0.001867 seconds.
Begin MonoManager ReloadAssembly
Native extension for WindowsStandalone target not found
Native extension for WebGL target not found
Refreshing native plugins compatible for Editor in 0.39 ms, found 1 plugins.
Preloading 0 native plugins for Editor in 0.00 ms.
Mono: successfully reloaded assembly
- Completed reload, in  1.122 seconds
Platform modules already initialized, skipping
Refreshing native plugins compatible for Editor in 0.45 ms, found 1 plugins.
Preloading 0 native plugins for Editor in 0.00 ms.
Unloading 1817 Unused Serialized files (Serialized files now loaded: 0)
System memory in use before: 109.4 MB.
System memory in use after: 109.3 MB.

Unloading 12 unused Assets to reduce memory usage. Loaded Objects now: 2300.
Total: 2.297400 ms (FindLiveObjects: 0.173700 ms CreateObjectMapping: 0.078600 ms MarkObjects: 1.856600 ms  DeleteObjects: 0.186800 ms)

========================================================================
Received Import Request.
  Time since last request: 135.239592 seconds.
  path: Assets/Animations/StartButton.controller
  artifactKey: Guid(de4fc081eec7dd943b47b5bae1bcb6d1) Importer(815301076,1909f56bfc062723c751e8b465ee728b)
Start importing Assets/Animations/StartButton.controller using Guid(de4fc081eec7dd943b47b5bae1bcb6d1) Importer(815301076,1909f56bfc062723c751e8b465ee728b)  -> (artifact id: 'b0f483b1ed397a8631dd93ca1cd7386c') in 0.022148 seconds
  Import took 0.043875 seconds .

AssetImportWorkerClient::OnTransportError - code=2 error=End of file
